2019-10-11 15:39:10,944 [35] ERROR EPiServer.Global: Unhandled exception in ASP.NET
System.Web.HttpException (0x80004005): The file '/util.login.aspx' does not exist.
   at System.Web.UI.Util.CheckVirtualFileExists(VirtualPath virtualPath)
   at System.Web.Compilation.BuildManager.GetVPathBuildResultInternal(VirtualPath virtualPath, Boolean noBuild, Boolean allowCrossApp, Boolean allowBuildInPrecompile, Boolean throwIfNotFound, Boolean ensureIsUpToDate)
   at System.Web.Compilation.BuildManager.GetVPathBuildResultWithNoAssert(HttpContext context, VirtualPath virtualPath, Boolean noBuild, Boolean allowCrossApp, Boolean allowBuildInPrecompile, Boolean throwIfNotFound, Boolean ensureIsUpToDate)
   at System.Web.Compilation.BuildManager.GetVirtualPathObjectFactory(VirtualPath virtualPath, HttpContext context, Boolean allowCrossApp, Boolean throwIfNotFound)
   at System.Web.Compilation.BuildManager.CreateInstanceFromVirtualPath(VirtualPath virtualPath, Type requiredBaseType, HttpContext context, Boolean allowCrossApp)
   at System.Web.UI.PageHandlerFactory.GetHandlerHelper(HttpContext context, String requestType, VirtualPath virtualPath, String physicalPath)
   at System.Web.UI.PageHandlerFactory.GetHandler(HttpContext context, String requestType, String virtualPath, String path)
   at System.Web.HttpApplication.MaterializeHandlerExecutionStep.System.Web.HttpApplication.IExecutionStep.Execute()
   at System.Web.HttpApplication.ExecuteStepImpl(IExecutionStep step)
   at System.Web.HttpApplication.ExecuteStep(IExecutionStep step, Boolean& completedSynchronously)
System.Web.HttpException (0x80004005): The file '/util.login.aspx' does not exist.
   at System.Web.UI.Util.CheckVirtualFileExists(VirtualPath virtualPath)
   at System.Web.Compilation.BuildManager.GetVPathBuildResultInternal(VirtualPath virtualPath, Boolean noBuild, Boolean allowCrossApp, Boolean allowBuildInPrecompile, Boolean throwIfNotFound, Boolean ensureIsUpToDate)
   at System.Web.Compilation.BuildManager.GetVPathBuildResultWithNoAssert(HttpContext context, VirtualPath virtualPath, Boolean noBuild, Boolean allowCrossApp, Boolean allowBuildInPrecompile, Boolean throwIfNotFound, Boolean ensureIsUpToDate)
   at System.Web.Compilation.BuildManager.GetVirtualPathObjectFactory(VirtualPath virtualPath, HttpContext context, Boolean allowCrossApp, Boolean throwIfNotFound)
   at System.Web.Compilation.BuildManager.CreateInstanceFromVirtualPath(VirtualPath virtualPath, Type requiredBaseType, HttpContext context, Boolean allowCrossApp)
   at System.Web.UI.PageHandlerFactory.GetHandlerHelper(HttpContext context, String requestType, VirtualPath virtualPath, String physicalPath)
   at System.Web.UI.PageHandlerFactory.GetHandler(HttpContext context, String requestType, String virtualPath, String path)
   at System.Web.HttpApplication.MaterializeHandlerExecutionStep.System.Web.HttpApplication.IExecutionStep.Execute()
   at System.Web.HttpApplication.ExecuteStepImpl(IExecutionStep step)
   at System.Web.HttpApplication.ExecuteStep(IExecutionStep step, Boolean& completedSynchronously)
2019-10-11 15:45:38,288 [6] ERROR EPiServer.Framework.Initialization.InitializationEngine: Initialize action failed for 'Initialize on class EPiServer.Initialization.Internal.ModelSyncInitialization, EPiServer, Version=11.13.0.0, Culture=neutral, PublicKeyToken=8fe83dea738b45b7'
System.NotSupportedException: The attribute 'CultureSpecificAttribute' used on the property 'DateTests' of class 'EditorsTestPage' can't be applied to block properties. Set the attribute on the properties in the block instead.
   at EPiServer.DataAbstraction.RuntimeModel.Internal.ContentDataAttributeScanningAssigner.ThrowIfBlockProperty(Attribute attribute, PropertyInfo property)
   at EPiServer.DataAbstraction.RuntimeModel.Internal.ContentDataAttributeScanningAssigner.AssignValuesToPropertyDefinition(PropertyDefinitionModel propertyDefinitionModel, PropertyInfo property, ContentTypeModel parentModel)
   at EPiServer.DataAbstraction.RuntimeModel.Internal.ContentTypeModelScanner.AssignValuesToProperties(ContentTypeModel modelType)
   at EPiServer.DataAbstraction.RuntimeModel.Internal.ContentTypeModelScanner.AddModel(Type type)
   at EPiServer.DataAbstraction.RuntimeModel.Internal.ContentTypeModelScanner.RegisterModels()
   at EPiServer.Initialization.Internal.ModelSyncInitialization.Initialize(InitializationEngine context)
   at EPiServer.Framework.Initialization.Internal.ModuleNode.<>c__DisplayClass2_0.<Initialize>b__0()
   at EPiServer.Framework.Initialization.Internal.ModuleNode.Execute(Action a, String key)
   at EPiServer.Framework.Initialization.Internal.ModuleNode.Initialize(InitializationEngine context)
   at EPiServer.Framework.Initialization.InitializationEngine.InitializeModules()
System.NotSupportedException: The attribute 'CultureSpecificAttribute' used on the property 'DateTests' of class 'EditorsTestPage' can't be applied to block properties. Set the attribute on the properties in the block instead.
   at EPiServer.DataAbstraction.RuntimeModel.Internal.ContentDataAttributeScanningAssigner.ThrowIfBlockProperty(Attribute attribute, PropertyInfo property)
   at EPiServer.DataAbstraction.RuntimeModel.Internal.ContentDataAttributeScanningAssigner.AssignValuesToPropertyDefinition(PropertyDefinitionModel propertyDefinitionModel, PropertyInfo property, ContentTypeModel parentModel)
   at EPiServer.DataAbstraction.RuntimeModel.Internal.ContentTypeModelScanner.AssignValuesToProperties(ContentTypeModel modelType)
   at EPiServer.DataAbstraction.RuntimeModel.Internal.ContentTypeModelScanner.AddModel(Type type)
   at EPiServer.DataAbstraction.RuntimeModel.Internal.ContentTypeModelScanner.RegisterModels()
   at EPiServer.Initialization.Internal.ModelSyncInitialization.Initialize(InitializationEngine context)
   at EPiServer.Framework.Initialization.Internal.ModuleNode.<>c__DisplayClass2_0.<Initialize>b__0()
   at EPiServer.Framework.Initialization.Internal.ModuleNode.Execute(Action a, String key)
   at EPiServer.Framework.Initialization.Internal.ModuleNode.Initialize(InitializationEngine context)
   at EPiServer.Framework.Initialization.InitializationEngine.InitializeModules()
