2019-07-04 16:18:33,302 [1] ERROR EPiServer.Framework.Initialization.InitializationEngine: Initialize action failed for 'Initialize on class EPiServer.Data.DataInitialization, EPiServer.Data, Version=11.12.0.0, Culture=neutral, PublicKeyToken=8fe83dea738b45b7'
System.Data.SqlClient.SqlException (0x80131904): Cannot attach the file 'C:\projects\avanade.episerver\src\pheonix.ui\App_Data\EPiServerDB_402cc3a6.mdf' as database 'EPiServerDB_402cc3a6'.
   at System.Data.SqlClient.SqlInternalConnectionTds..ctor(DbConnectionPoolIdentity identity, SqlConnectionString connectionOptions, SqlCredential credential, Object providerInfo, String newPassword, SecureString newSecurePassword, Boolean redirectedUserInstance, SqlConnectionString userConnectionOptions, SessionData reconnectSessionData, DbConnectionPool pool, String accessToken, Boolean applyTransientFaultHandling, SqlAuthenticationProviderManager sqlAuthProviderManager)
   at System.Data.SqlClient.SqlConnectionFactory.CreateConnection(DbConnectionOptions options, DbConnectionPoolKey poolKey, Object poolGroupProviderInfo, DbConnectionPool pool, DbConnection owningConnection, DbConnectionOptions userOptions)
   at System.Data.ProviderBase.DbConnectionFactory.CreatePooledConnection(DbConnectionPool pool, DbConnection owningObject, DbConnectionOptions options, DbConnectionPoolKey poolKey, DbConnectionOptions userOptions)
   at System.Data.ProviderBase.DbConnectionPool.CreateObject(DbConnection owningObject, DbConnectionOptions userOptions, DbConnectionInternal oldConnection)
   at System.Data.ProviderBase.DbConnectionPool.UserCreateRequest(DbConnection owningObject, DbConnectionOptions userOptions, DbConnectionInternal oldConnection)
   at System.Data.ProviderBase.DbConnectionPool.TryGetConnection(DbConnection owningObject, UInt32 waitForMultipleObjectsTimeout, Boolean allowCreate, Boolean onlyOneCheckConnection, DbConnectionOptions userOptions, DbConnectionInternal& connection)
   at System.Data.ProviderBase.DbConnectionPool.TryGetConnection(DbConnection owningObject, TaskCompletionSource`1 retry, DbConnectionOptions userOptions, DbConnectionInternal& connection)
   at System.Data.ProviderBase.DbConnectionFactory.TryGetConnection(DbConnection owningConnection, TaskCompletionSource`1 retry, DbConnectionOptions userOptions, DbConnectionInternal oldConnection, DbConnectionInternal& connection)
   at System.Data.ProviderBase.DbConnectionInternal.TryOpenConnectionInternal(DbConnection outerConnection, DbConnectionFactory connectionFactory, TaskCompletionSource`1 retry, DbConnectionOptions userOptions)
   at System.Data.ProviderBase.DbConnectionClosed.TryOpenConnection(DbConnection outerConnection, DbConnectionFactory connectionFactory, TaskCompletionSource`1 retry, DbConnectionOptions userOptions)
   at System.Data.SqlClient.SqlConnection.TryOpenInner(TaskCompletionSource`1 retry)
   at System.Data.SqlClient.SqlConnection.TryOpen(TaskCompletionSource`1 retry)
   at System.Data.SqlClient.SqlConnection.Open()
   at EPiServer.Data.Providers.Internal.ConnectionContext.<OpenConnection>b__15_0()
   at EPiServer.Data.Providers.SqlTransientErrorsRetryPolicy.Execute[TResult](Func`1 method)
   at EPiServer.Data.Providers.Internal.ConnectionContext.OpenConnection()
   at EPiServer.Data.Providers.Internal.SqlDatabaseExecutor.GetConnection(Boolean requireTransaction)
   at EPiServer.Data.Providers.Internal.SqlDatabaseExecutor.<>c__DisplayClass31_0`1.<Execute>b__0()
   at EPiServer.Data.Providers.SqlTransientErrorsRetryPolicy.Execute[TResult](Func`1 method)
   at EPiServer.Data.Providers.Internal.SqlDatabaseExecutor.Execute[TResult](Func`1 action)
   at EPiServer.Data.SchemaUpdates.Internal.DatabaseVersionRetriever.GetDatabaseVersion(Boolean forceRefresh)
   at EPiServer.Data.SchemaUpdates.Internal.DatabaseVersionValidator.GetStatus(IEnumerable`1 connectionStrings)
   at EPiServer.Data.SchemaUpdates.Internal.DatabaseSchemaManagerImplementation.<>c__DisplayClass6_0.<EnsureDatabaseSchema>b__0(ISchemaUpdater u)
   at System.Linq.Enumerable.WhereSelectEnumerableIterator`2.MoveNext()
   at System.Collections.Generic.List`1..ctor(IEnumerable`1 collection)
   at System.Linq.Enumerable.ToList[TSource](IEnumerable`1 source)
   at EPiServer.Data.SchemaUpdates.Internal.DatabaseSchemaManagerImplementation.EnsureDatabaseSchema(DataAccessOptions dataAccessOptions)
   at EPiServer.Data.DataInitialization.ValidateDatabaseSchema(InitializationEngine context)
   at EPiServer.Data.DataInitialization.Initialize(InitializationEngine context)
   at EPiServer.Framework.Initialization.Internal.ModuleNode.<>c__DisplayClass2_0.<Initialize>b__0()
   at EPiServer.Framework.Initialization.Internal.ModuleNode.Execute(Action a, String key)
   at EPiServer.Framework.Initialization.Internal.ModuleNode.Initialize(InitializationEngine context)
   at EPiServer.Framework.Initialization.InitializationEngine.InitializeModules()
ClientConnectionId:5b6725bf-91b6-400a-a47c-283a9cf61ed5
Error Number:1832,State:1,Class:14
System.Data.SqlClient.SqlException (0x80131904): Cannot attach the file 'C:\projects\avanade.episerver\src\pheonix.ui\App_Data\EPiServerDB_402cc3a6.mdf' as database 'EPiServerDB_402cc3a6'.
   at System.Data.SqlClient.SqlInternalConnectionTds..ctor(DbConnectionPoolIdentity identity, SqlConnectionString connectionOptions, SqlCredential credential, Object providerInfo, String newPassword, SecureString newSecurePassword, Boolean redirectedUserInstance, SqlConnectionString userConnectionOptions, SessionData reconnectSessionData, DbConnectionPool pool, String accessToken, Boolean applyTransientFaultHandling, SqlAuthenticationProviderManager sqlAuthProviderManager)
   at System.Data.SqlClient.SqlConnectionFactory.CreateConnection(DbConnectionOptions options, DbConnectionPoolKey poolKey, Object poolGroupProviderInfo, DbConnectionPool pool, DbConnection owningConnection, DbConnectionOptions userOptions)
   at System.Data.ProviderBase.DbConnectionFactory.CreatePooledConnection(DbConnectionPool pool, DbConnection owningObject, DbConnectionOptions options, DbConnectionPoolKey poolKey, DbConnectionOptions userOptions)
   at System.Data.ProviderBase.DbConnectionPool.CreateObject(DbConnection owningObject, DbConnectionOptions userOptions, DbConnectionInternal oldConnection)
   at System.Data.ProviderBase.DbConnectionPool.UserCreateRequest(DbConnection owningObject, DbConnectionOptions userOptions, DbConnectionInternal oldConnection)
   at System.Data.ProviderBase.DbConnectionPool.TryGetConnection(DbConnection owningObject, UInt32 waitForMultipleObjectsTimeout, Boolean allowCreate, Boolean onlyOneCheckConnection, DbConnectionOptions userOptions, DbConnectionInternal& connection)
   at System.Data.ProviderBase.DbConnectionPool.TryGetConnection(DbConnection owningObject, TaskCompletionSource`1 retry, DbConnectionOptions userOptions, DbConnectionInternal& connection)
   at System.Data.ProviderBase.DbConnectionFactory.TryGetConnection(DbConnection owningConnection, TaskCompletionSource`1 retry, DbConnectionOptions userOptions, DbConnectionInternal oldConnection, DbConnectionInternal& connection)
   at System.Data.ProviderBase.DbConnectionInternal.TryOpenConnectionInternal(DbConnection outerConnection, DbConnectionFactory connectionFactory, TaskCompletionSource`1 retry, DbConnectionOptions userOptions)
   at System.Data.ProviderBase.DbConnectionClosed.TryOpenConnection(DbConnection outerConnection, DbConnectionFactory connectionFactory, TaskCompletionSource`1 retry, DbConnectionOptions userOptions)
   at System.Data.SqlClient.SqlConnection.TryOpenInner(TaskCompletionSource`1 retry)
   at System.Data.SqlClient.SqlConnection.TryOpen(TaskCompletionSource`1 retry)
   at System.Data.SqlClient.SqlConnection.Open()
   at EPiServer.Data.Providers.Internal.ConnectionContext.<OpenConnection>b__15_0()
   at EPiServer.Data.Providers.SqlTransientErrorsRetryPolicy.Execute[TResult](Func`1 method)
   at EPiServer.Data.Providers.Internal.ConnectionContext.OpenConnection()
   at EPiServer.Data.Providers.Internal.SqlDatabaseExecutor.GetConnection(Boolean requireTransaction)
   at EPiServer.Data.Providers.Internal.SqlDatabaseExecutor.<>c__DisplayClass31_0`1.<Execute>b__0()
   at EPiServer.Data.Providers.SqlTransientErrorsRetryPolicy.Execute[TResult](Func`1 method)
   at EPiServer.Data.Providers.Internal.SqlDatabaseExecutor.Execute[TResult](Func`1 action)
   at EPiServer.Data.SchemaUpdates.Internal.DatabaseVersionRetriever.GetDatabaseVersion(Boolean forceRefresh)
   at EPiServer.Data.SchemaUpdates.Internal.DatabaseVersionValidator.GetStatus(IEnumerable`1 connectionStrings)
   at EPiServer.Data.SchemaUpdates.Internal.DatabaseSchemaManagerImplementation.<>c__DisplayClass6_0.<EnsureDatabaseSchema>b__0(ISchemaUpdater u)
   at System.Linq.Enumerable.WhereSelectEnumerableIterator`2.MoveNext()
   at System.Collections.Generic.List`1..ctor(IEnumerable`1 collection)
   at System.Linq.Enumerable.ToList[TSource](IEnumerable`1 source)
   at EPiServer.Data.SchemaUpdates.Internal.DatabaseSchemaManagerImplementation.EnsureDatabaseSchema(DataAccessOptions dataAccessOptions)
   at EPiServer.Data.DataInitialization.ValidateDatabaseSchema(InitializationEngine context)
   at EPiServer.Data.DataInitialization.Initialize(InitializationEngine context)
   at EPiServer.Framework.Initialization.Internal.ModuleNode.<>c__DisplayClass2_0.<Initialize>b__0()
   at EPiServer.Framework.Initialization.Internal.ModuleNode.Execute(Action a, String key)
   at EPiServer.Framework.Initialization.Internal.ModuleNode.Initialize(InitializationEngine context)
   at EPiServer.Framework.Initialization.InitializationEngine.InitializeModules()
ClientConnectionId:5b6725bf-91b6-400a-a47c-283a9cf61ed5
Error Number:1832,State:1,Class:14
2019-07-04 16:19:19,558 [1] ERROR EPiServer.Framework.Initialization.InitializationEngine: Initialize action failed for 'Initialize on class EPiServer.Data.DataInitialization, EPiServer.Data, Version=11.12.0.0, Culture=neutral, PublicKeyToken=8fe83dea738b45b7'
System.NotSupportedException: The database schema for 'CMS' has not been updated to version '7059.0', current database version is '7058.0'. Update the database manually by running the cmdlet 'Update-EPiDatabase' in the package manager console or set updateDatabaseSchema="true" on episerver.framework configuration element.
   at EPiServer.Data.SchemaUpdates.Internal.DatabaseSchemaManagerImplementation.ThrowUpdateDatabaseException(String displayName, Version databaseVersion, Version requiredVersion)
   at EPiServer.Data.SchemaUpdates.Internal.DatabaseSchemaManagerImplementation.EnsureDatabaseSchema(DataAccessOptions dataAccessOptions)
   at EPiServer.Data.DataInitialization.ValidateDatabaseSchema(InitializationEngine context)
   at EPiServer.Data.DataInitialization.Initialize(InitializationEngine context)
   at EPiServer.Framework.Initialization.Internal.ModuleNode.<>c__DisplayClass2_0.<Initialize>b__0()
   at EPiServer.Framework.Initialization.Internal.ModuleNode.Execute(Action a, String key)
   at EPiServer.Framework.Initialization.Internal.ModuleNode.Initialize(InitializationEngine context)
   at EPiServer.Framework.Initialization.InitializationEngine.InitializeModules()
System.NotSupportedException: The database schema for 'CMS' has not been updated to version '7059.0', current database version is '7058.0'. Update the database manually by running the cmdlet 'Update-EPiDatabase' in the package manager console or set updateDatabaseSchema="true" on episerver.framework configuration element.
   at EPiServer.Data.SchemaUpdates.Internal.DatabaseSchemaManagerImplementation.ThrowUpdateDatabaseException(String displayName, Version databaseVersion, Version requiredVersion)
   at EPiServer.Data.SchemaUpdates.Internal.DatabaseSchemaManagerImplementation.EnsureDatabaseSchema(DataAccessOptions dataAccessOptions)
   at EPiServer.Data.DataInitialization.ValidateDatabaseSchema(InitializationEngine context)
   at EPiServer.Data.DataInitialization.Initialize(InitializationEngine context)
   at EPiServer.Framework.Initialization.Internal.ModuleNode.<>c__DisplayClass2_0.<Initialize>b__0()
   at EPiServer.Framework.Initialization.Internal.ModuleNode.Execute(Action a, String key)
   at EPiServer.Framework.Initialization.Internal.ModuleNode.Initialize(InitializationEngine context)
   at EPiServer.Framework.Initialization.InitializationEngine.InitializeModules()
2019-07-04 16:21:19,961 [1] ERROR EPiServer.DataAbstraction.RuntimeModel.Internal.ContentModelValidator: EPiServer.DataAbstraction.RuntimeModel.SynchronizationException: More than one content model is assigned the guid d9e35fa7-9442-49d0-a414-51e4928e4eb7
2019-07-04 16:21:19,974 [1] ERROR EPiServer.Framework.Initialization.InitializationEngine: Initialize action failed for 'Initialize on class EPiServer.Initialization.Internal.ModelSyncInitialization, EPiServer, Version=11.12.0.0, Culture=neutral, PublicKeyToken=8fe83dea738b45b7'
EPiServer.DataAbstraction.RuntimeModel.SynchronizationException: More than one content model is assigned the guid d9e35fa7-9442-49d0-a414-51e4928e4eb7
   at EPiServer.DataAbstraction.RuntimeModel.Internal.ContentModelValidator.ThrowSynchronizationException(String msg)
   at EPiServer.DataAbstraction.RuntimeModel.Internal.ContentModelValidator.CheckForDuplicateContentModelGuids(IEnumerable`1 models)
   at EPiServer.DataAbstraction.RuntimeModel.Internal.ContentModelValidator.Validate(IEnumerable`1 typeModels)
   at EPiServer.DataAbstraction.RuntimeModel.Internal.ContentTypeModelRegister.Validate(ContentModelValidator modelValidator)
   at EPiServer.DataAbstraction.RuntimeModel.Internal.ContentTypeModelScanner.Sync(Boolean commitChanges)
   at EPiServer.Initialization.Internal.ModelSyncInitialization.Initialize(InitializationEngine context)
   at EPiServer.Framework.Initialization.Internal.ModuleNode.<>c__DisplayClass2_0.<Initialize>b__0()
   at EPiServer.Framework.Initialization.Internal.ModuleNode.Execute(Action a, String key)
   at EPiServer.Framework.Initialization.Internal.ModuleNode.Initialize(InitializationEngine context)
   at EPiServer.Framework.Initialization.InitializationEngine.InitializeModules()
EPiServer.DataAbstraction.RuntimeModel.SynchronizationException: More than one content model is assigned the guid d9e35fa7-9442-49d0-a414-51e4928e4eb7
   at EPiServer.DataAbstraction.RuntimeModel.Internal.ContentModelValidator.ThrowSynchronizationException(String msg)
   at EPiServer.DataAbstraction.RuntimeModel.Internal.ContentModelValidator.CheckForDuplicateContentModelGuids(IEnumerable`1 models)
   at EPiServer.DataAbstraction.RuntimeModel.Internal.ContentModelValidator.Validate(IEnumerable`1 typeModels)
   at EPiServer.DataAbstraction.RuntimeModel.Internal.ContentTypeModelRegister.Validate(ContentModelValidator modelValidator)
   at EPiServer.DataAbstraction.RuntimeModel.Internal.ContentTypeModelScanner.Sync(Boolean commitChanges)
   at EPiServer.Initialization.Internal.ModelSyncInitialization.Initialize(InitializationEngine context)
   at EPiServer.Framework.Initialization.Internal.ModuleNode.<>c__DisplayClass2_0.<Initialize>b__0()
   at EPiServer.Framework.Initialization.Internal.ModuleNode.Execute(Action a, String key)
   at EPiServer.Framework.Initialization.Internal.ModuleNode.Initialize(InitializationEngine context)
   at EPiServer.Framework.Initialization.InitializationEngine.InitializeModules()
2019-07-04 16:22:00,411 [20] ERROR EPiServer.DataAbstraction.RuntimeModel.Internal.ContentModelValidator: EPiServer.DataAbstraction.RuntimeModel.SynchronizationException: More than one content model is assigned the guid d9c6c7c2-9536-4d51-8a02-b448a29a64bf
2019-07-04 16:22:00,422 [20] ERROR EPiServer.Framework.Initialization.InitializationEngine: Initialize action failed for 'Initialize on class EPiServer.Initialization.Internal.ModelSyncInitialization, EPiServer, Version=11.12.0.0, Culture=neutral, PublicKeyToken=8fe83dea738b45b7'
EPiServer.DataAbstraction.RuntimeModel.SynchronizationException: More than one content model is assigned the guid d9c6c7c2-9536-4d51-8a02-b448a29a64bf
   at EPiServer.DataAbstraction.RuntimeModel.Internal.ContentModelValidator.ThrowSynchronizationException(String msg)
   at EPiServer.DataAbstraction.RuntimeModel.Internal.ContentModelValidator.CheckForDuplicateContentModelGuids(IEnumerable`1 models)
   at EPiServer.DataAbstraction.RuntimeModel.Internal.ContentModelValidator.Validate(IEnumerable`1 typeModels)
   at EPiServer.DataAbstraction.RuntimeModel.Internal.ContentTypeModelRegister.Validate(ContentModelValidator modelValidator)
   at EPiServer.DataAbstraction.RuntimeModel.Internal.ContentTypeModelScanner.Sync(Boolean commitChanges)
   at EPiServer.Initialization.Internal.ModelSyncInitialization.Initialize(InitializationEngine context)
   at EPiServer.Framework.Initialization.Internal.ModuleNode.<>c__DisplayClass2_0.<Initialize>b__0()
   at EPiServer.Framework.Initialization.Internal.ModuleNode.Execute(Action a, String key)
   at EPiServer.Framework.Initialization.Internal.ModuleNode.Initialize(InitializationEngine context)
   at EPiServer.Framework.Initialization.InitializationEngine.InitializeModules()
EPiServer.DataAbstraction.RuntimeModel.SynchronizationException: More than one content model is assigned the guid d9c6c7c2-9536-4d51-8a02-b448a29a64bf
   at EPiServer.DataAbstraction.RuntimeModel.Internal.ContentModelValidator.ThrowSynchronizationException(String msg)
   at EPiServer.DataAbstraction.RuntimeModel.Internal.ContentModelValidator.CheckForDuplicateContentModelGuids(IEnumerable`1 models)
   at EPiServer.DataAbstraction.RuntimeModel.Internal.ContentModelValidator.Validate(IEnumerable`1 typeModels)
   at EPiServer.DataAbstraction.RuntimeModel.Internal.ContentTypeModelRegister.Validate(ContentModelValidator modelValidator)
   at EPiServer.DataAbstraction.RuntimeModel.Internal.ContentTypeModelScanner.Sync(Boolean commitChanges)
   at EPiServer.Initialization.Internal.ModelSyncInitialization.Initialize(InitializationEngine context)
   at EPiServer.Framework.Initialization.Internal.ModuleNode.<>c__DisplayClass2_0.<Initialize>b__0()
   at EPiServer.Framework.Initialization.Internal.ModuleNode.Execute(Action a, String key)
   at EPiServer.Framework.Initialization.Internal.ModuleNode.Initialize(InitializationEngine context)
   at EPiServer.Framework.Initialization.InitializationEngine.InitializeModules()
2019-07-04 16:22:34,292 [20] ERROR EPiServer.DataAbstraction.RuntimeModel.Internal.ContentModelValidator: EPiServer.DataAbstraction.RuntimeModel.SynchronizationException: More than one content model is assigned the guid 3e1f7f51-d601-4203-b059-25599fa08fc8
2019-07-04 16:22:34,305 [20] ERROR EPiServer.Framework.Initialization.InitializationEngine: Initialize action failed for 'Initialize on class EPiServer.Initialization.Internal.ModelSyncInitialization, EPiServer, Version=11.12.0.0, Culture=neutral, PublicKeyToken=8fe83dea738b45b7'
EPiServer.DataAbstraction.RuntimeModel.SynchronizationException: More than one content model is assigned the guid 3e1f7f51-d601-4203-b059-25599fa08fc8
   at EPiServer.DataAbstraction.RuntimeModel.Internal.ContentModelValidator.ThrowSynchronizationException(String msg)
   at EPiServer.DataAbstraction.RuntimeModel.Internal.ContentModelValidator.CheckForDuplicateContentModelGuids(IEnumerable`1 models)
   at EPiServer.DataAbstraction.RuntimeModel.Internal.ContentModelValidator.Validate(IEnumerable`1 typeModels)
   at EPiServer.DataAbstraction.RuntimeModel.Internal.ContentTypeModelRegister.Validate(ContentModelValidator modelValidator)
   at EPiServer.DataAbstraction.RuntimeModel.Internal.ContentTypeModelScanner.Sync(Boolean commitChanges)
   at EPiServer.Initialization.Internal.ModelSyncInitialization.Initialize(InitializationEngine context)
   at EPiServer.Framework.Initialization.Internal.ModuleNode.<>c__DisplayClass2_0.<Initialize>b__0()
   at EPiServer.Framework.Initialization.Internal.ModuleNode.Execute(Action a, String key)
   at EPiServer.Framework.Initialization.Internal.ModuleNode.Initialize(InitializationEngine context)
   at EPiServer.Framework.Initialization.InitializationEngine.InitializeModules()
EPiServer.DataAbstraction.RuntimeModel.SynchronizationException: More than one content model is assigned the guid 3e1f7f51-d601-4203-b059-25599fa08fc8
   at EPiServer.DataAbstraction.RuntimeModel.Internal.ContentModelValidator.ThrowSynchronizationException(String msg)
   at EPiServer.DataAbstraction.RuntimeModel.Internal.ContentModelValidator.CheckForDuplicateContentModelGuids(IEnumerable`1 models)
   at EPiServer.DataAbstraction.RuntimeModel.Internal.ContentModelValidator.Validate(IEnumerable`1 typeModels)
   at EPiServer.DataAbstraction.RuntimeModel.Internal.ContentTypeModelRegister.Validate(ContentModelValidator modelValidator)
   at EPiServer.DataAbstraction.RuntimeModel.Internal.ContentTypeModelScanner.Sync(Boolean commitChanges)
   at EPiServer.Initialization.Internal.ModelSyncInitialization.Initialize(InitializationEngine context)
   at EPiServer.Framework.Initialization.Internal.ModuleNode.<>c__DisplayClass2_0.<Initialize>b__0()
   at EPiServer.Framework.Initialization.Internal.ModuleNode.Execute(Action a, String key)
   at EPiServer.Framework.Initialization.Internal.ModuleNode.Initialize(InitializationEngine context)
   at EPiServer.Framework.Initialization.InitializationEngine.InitializeModules()
2019-07-04 16:23:08,651 [20] ERROR EPiServer.DataAbstraction.RuntimeModel.Internal.ContentModelValidator: EPiServer.DataAbstraction.RuntimeModel.SynchronizationException: More than one content model is assigned the guid 3e1f7f51-d601-4203-b059-25599fa08fc8
2019-07-04 16:23:08,655 [20] ERROR EPiServer.Framework.Initialization.InitializationEngine: Initialize action failed for 'Initialize on class EPiServer.Initialization.Internal.ModelSyncInitialization, EPiServer, Version=11.12.0.0, Culture=neutral, PublicKeyToken=8fe83dea738b45b7'
EPiServer.DataAbstraction.RuntimeModel.SynchronizationException: More than one content model is assigned the guid 3e1f7f51-d601-4203-b059-25599fa08fc8
   at EPiServer.DataAbstraction.RuntimeModel.Internal.ContentModelValidator.ThrowSynchronizationException(String msg)
   at EPiServer.DataAbstraction.RuntimeModel.Internal.ContentModelValidator.CheckForDuplicateContentModelGuids(IEnumerable`1 models)
   at EPiServer.DataAbstraction.RuntimeModel.Internal.ContentModelValidator.Validate(IEnumerable`1 typeModels)
   at EPiServer.DataAbstraction.RuntimeModel.Internal.ContentTypeModelRegister.Validate(ContentModelValidator modelValidator)
   at EPiServer.DataAbstraction.RuntimeModel.Internal.ContentTypeModelScanner.Sync(Boolean commitChanges)
   at EPiServer.Initialization.Internal.ModelSyncInitialization.Initialize(InitializationEngine context)
   at EPiServer.Framework.Initialization.Internal.ModuleNode.<>c__DisplayClass2_0.<Initialize>b__0()
   at EPiServer.Framework.Initialization.Internal.ModuleNode.Execute(Action a, String key)
   at EPiServer.Framework.Initialization.Internal.ModuleNode.Initialize(InitializationEngine context)
   at EPiServer.Framework.Initialization.InitializationEngine.InitializeModules()
EPiServer.DataAbstraction.RuntimeModel.SynchronizationException: More than one content model is assigned the guid 3e1f7f51-d601-4203-b059-25599fa08fc8
   at EPiServer.DataAbstraction.RuntimeModel.Internal.ContentModelValidator.ThrowSynchronizationException(String msg)
   at EPiServer.DataAbstraction.RuntimeModel.Internal.ContentModelValidator.CheckForDuplicateContentModelGuids(IEnumerable`1 models)
   at EPiServer.DataAbstraction.RuntimeModel.Internal.ContentModelValidator.Validate(IEnumerable`1 typeModels)
   at EPiServer.DataAbstraction.RuntimeModel.Internal.ContentTypeModelRegister.Validate(ContentModelValidator modelValidator)
   at EPiServer.DataAbstraction.RuntimeModel.Internal.ContentTypeModelScanner.Sync(Boolean commitChanges)
   at EPiServer.Initialization.Internal.ModelSyncInitialization.Initialize(InitializationEngine context)
   at EPiServer.Framework.Initialization.Internal.ModuleNode.<>c__DisplayClass2_0.<Initialize>b__0()
   at EPiServer.Framework.Initialization.Internal.ModuleNode.Execute(Action a, String key)
   at EPiServer.Framework.Initialization.Internal.ModuleNode.Initialize(InitializationEngine context)
   at EPiServer.Framework.Initialization.InitializationEngine.InitializeModules()
2019-07-04 16:23:45,723 [20] ERROR EPiServer.DataAbstraction.RuntimeModel.Internal.ContentModelValidator: EPiServer.DataAbstraction.RuntimeModel.SynchronizationException: More than one content model is assigned the guid 249ea8ea-bc61-4287-a5d4-6ec97dd3ee75
2019-07-04 16:23:45,733 [20] ERROR EPiServer.Framework.Initialization.InitializationEngine: Initialize action failed for 'Initialize on class EPiServer.Initialization.Internal.ModelSyncInitialization, EPiServer, Version=11.12.0.0, Culture=neutral, PublicKeyToken=8fe83dea738b45b7'
EPiServer.DataAbstraction.RuntimeModel.SynchronizationException: More than one content model is assigned the guid 249ea8ea-bc61-4287-a5d4-6ec97dd3ee75
   at EPiServer.DataAbstraction.RuntimeModel.Internal.ContentModelValidator.ThrowSynchronizationException(String msg)
   at EPiServer.DataAbstraction.RuntimeModel.Internal.ContentModelValidator.CheckForDuplicateContentModelGuids(IEnumerable`1 models)
   at EPiServer.DataAbstraction.RuntimeModel.Internal.ContentModelValidator.Validate(IEnumerable`1 typeModels)
   at EPiServer.DataAbstraction.RuntimeModel.Internal.ContentTypeModelRegister.Validate(ContentModelValidator modelValidator)
   at EPiServer.DataAbstraction.RuntimeModel.Internal.ContentTypeModelScanner.Sync(Boolean commitChanges)
   at EPiServer.Initialization.Internal.ModelSyncInitialization.Initialize(InitializationEngine context)
   at EPiServer.Framework.Initialization.Internal.ModuleNode.<>c__DisplayClass2_0.<Initialize>b__0()
   at EPiServer.Framework.Initialization.Internal.ModuleNode.Execute(Action a, String key)
   at EPiServer.Framework.Initialization.Internal.ModuleNode.Initialize(InitializationEngine context)
   at EPiServer.Framework.Initialization.InitializationEngine.InitializeModules()
EPiServer.DataAbstraction.RuntimeModel.SynchronizationException: More than one content model is assigned the guid 249ea8ea-bc61-4287-a5d4-6ec97dd3ee75
   at EPiServer.DataAbstraction.RuntimeModel.Internal.ContentModelValidator.ThrowSynchronizationException(String msg)
   at EPiServer.DataAbstraction.RuntimeModel.Internal.ContentModelValidator.CheckForDuplicateContentModelGuids(IEnumerable`1 models)
   at EPiServer.DataAbstraction.RuntimeModel.Internal.ContentModelValidator.Validate(IEnumerable`1 typeModels)
   at EPiServer.DataAbstraction.RuntimeModel.Internal.ContentTypeModelRegister.Validate(ContentModelValidator modelValidator)
   at EPiServer.DataAbstraction.RuntimeModel.Internal.ContentTypeModelScanner.Sync(Boolean commitChanges)
   at EPiServer.Initialization.Internal.ModelSyncInitialization.Initialize(InitializationEngine context)
   at EPiServer.Framework.Initialization.Internal.ModuleNode.<>c__DisplayClass2_0.<Initialize>b__0()
   at EPiServer.Framework.Initialization.Internal.ModuleNode.Execute(Action a, String key)
   at EPiServer.Framework.Initialization.Internal.ModuleNode.Initialize(InitializationEngine context)
   at EPiServer.Framework.Initialization.InitializationEngine.InitializeModules()
2019-07-04 16:24:27,716 [20] ERROR EPiServer.Framework.Initialization.InitializationEngine: Initialize action failed for 'Initialize on class EPiServer.Initialization.Internal.ModelSyncInitialization, EPiServer, Version=11.12.0.0, Culture=neutral, PublicKeyToken=8fe83dea738b45b7'
System.AggregateException: One or more errors occurred. ---> Castle.MicroKernel.ComponentRegistrationException: Component AlloyTraining.Models.Media.ImageFile could not be registered. There is already a component with that name. Did you want to modify the existing component instead? If not, make sure you specify a unique name.
   at Castle.MicroKernel.SubSystems.Naming.DefaultNamingSubSystem.Register(IHandler handler)
   at Castle.MicroKernel.DefaultKernel.AddCustomComponent(ComponentModel model)
   at Castle.MicroKernel.Registration.ComponentRegistration`1.Castle.MicroKernel.Registration.IRegistration.Register(IKernelInternal kernel)
   at Castle.MicroKernel.DefaultKernel.Register(IRegistration[] registrations)
   at Castle.Windsor.WindsorContainer.Register(IRegistration[] registrations)
   at EPiServer.DataAbstraction.RuntimeModel.ContentDataInterceptorHandler.RegisterInterceptor(Type modelType, ContentDataInterceptor interceptor)
   at EPiServer.DataAbstraction.RuntimeModel.Internal.ContentTypeModelScanner.<RegisterModels>b__20_0()
   at System.Threading.Tasks.Task.InnerInvoke()
   at System.Threading.Tasks.Task.Execute()
   --- End of inner exception stack trace ---
   at System.Threading.Tasks.Task.WaitAll(Task[] tasks, Int32 millisecondsTimeout, CancellationToken cancellationToken)
   at EPiServer.Initialization.Internal.ModelSyncInitialization.Initialize(InitializationEngine context)
   at EPiServer.Framework.Initialization.Internal.ModuleNode.<>c__DisplayClass2_0.<Initialize>b__0()
   at EPiServer.Framework.Initialization.Internal.ModuleNode.Execute(Action a, String key)
   at EPiServer.Framework.Initialization.Internal.ModuleNode.Initialize(InitializationEngine context)
   at EPiServer.Framework.Initialization.InitializationEngine.InitializeModules()
---> (Inner Exception #0) Castle.MicroKernel.ComponentRegistrationException: Component AlloyTraining.Models.Media.ImageFile could not be registered. There is already a component with that name. Did you want to modify the existing component instead? If not, make sure you specify a unique name.
   at Castle.MicroKernel.SubSystems.Naming.DefaultNamingSubSystem.Register(IHandler handler)
   at Castle.MicroKernel.DefaultKernel.AddCustomComponent(ComponentModel model)
   at Castle.MicroKernel.Registration.ComponentRegistration`1.Castle.MicroKernel.Registration.IRegistration.Register(IKernelInternal kernel)
   at Castle.MicroKernel.DefaultKernel.Register(IRegistration[] registrations)
   at Castle.Windsor.WindsorContainer.Register(IRegistration[] registrations)
   at EPiServer.DataAbstraction.RuntimeModel.ContentDataInterceptorHandler.RegisterInterceptor(Type modelType, ContentDataInterceptor interceptor)
   at EPiServer.DataAbstraction.RuntimeModel.Internal.ContentTypeModelScanner.<RegisterModels>b__20_0()
   at System.Threading.Tasks.Task.InnerInvoke()
   at System.Threading.Tasks.Task.Execute()<---

System.AggregateException: One or more errors occurred. ---> Castle.MicroKernel.ComponentRegistrationException: Component AlloyTraining.Models.Media.ImageFile could not be registered. There is already a component with that name. Did you want to modify the existing component instead? If not, make sure you specify a unique name.
   at Castle.MicroKernel.SubSystems.Naming.DefaultNamingSubSystem.Register(IHandler handler)
   at Castle.MicroKernel.DefaultKernel.AddCustomComponent(ComponentModel model)
   at Castle.MicroKernel.Registration.ComponentRegistration`1.Castle.MicroKernel.Registration.IRegistration.Register(IKernelInternal kernel)
   at Castle.MicroKernel.DefaultKernel.Register(IRegistration[] registrations)
   at Castle.Windsor.WindsorContainer.Register(IRegistration[] registrations)
   at EPiServer.DataAbstraction.RuntimeModel.ContentDataInterceptorHandler.RegisterInterceptor(Type modelType, ContentDataInterceptor interceptor)
   at EPiServer.DataAbstraction.RuntimeModel.Internal.ContentTypeModelScanner.<RegisterModels>b__20_0()
   at System.Threading.Tasks.Task.InnerInvoke()
   at System.Threading.Tasks.Task.Execute()
   --- End of inner exception stack trace ---
   at System.Threading.Tasks.Task.WaitAll(Task[] tasks, Int32 millisecondsTimeout, CancellationToken cancellationToken)
   at EPiServer.Initialization.Internal.ModelSyncInitialization.Initialize(InitializationEngine context)
   at EPiServer.Framework.Initialization.Internal.ModuleNode.<>c__DisplayClass2_0.<Initialize>b__0()
   at EPiServer.Framework.Initialization.Internal.ModuleNode.Execute(Action a, String key)
   at EPiServer.Framework.Initialization.Internal.ModuleNode.Initialize(InitializationEngine context)
   at EPiServer.Framework.Initialization.InitializationEngine.InitializeModules()
---> (Inner Exception #0) Castle.MicroKernel.ComponentRegistrationException: Component AlloyTraining.Models.Media.ImageFile could not be registered. There is already a component with that name. Did you want to modify the existing component instead? If not, make sure you specify a unique name.
   at Castle.MicroKernel.SubSystems.Naming.DefaultNamingSubSystem.Register(IHandler handler)
   at Castle.MicroKernel.DefaultKernel.AddCustomComponent(ComponentModel model)
   at Castle.MicroKernel.Registration.ComponentRegistration`1.Castle.MicroKernel.Registration.IRegistration.Register(IKernelInternal kernel)
   at Castle.MicroKernel.DefaultKernel.Register(IRegistration[] registrations)
   at Castle.Windsor.WindsorContainer.Register(IRegistration[] registrations)
   at EPiServer.DataAbstraction.RuntimeModel.ContentDataInterceptorHandler.RegisterInterceptor(Type modelType, ContentDataInterceptor interceptor)
   at EPiServer.DataAbstraction.RuntimeModel.Internal.ContentTypeModelScanner.<RegisterModels>b__20_0()
   at System.Threading.Tasks.Task.InnerInvoke()
   at System.Threading.Tasks.Task.Execute()<---

2019-07-04 16:25:08,361 [20] ERROR EPiServer.Framework.Initialization.InitializationEngine: Initialize action failed for 'Initialize on class EPiServer.Initialization.Internal.ModelSyncInitialization, EPiServer, Version=11.12.0.0, Culture=neutral, PublicKeyToken=8fe83dea738b45b7'
System.AggregateException: One or more errors occurred. ---> Castle.MicroKernel.ComponentRegistrationException: Component Features.MetaData.Models.Blocks.MetaDataBlock could not be registered. There is already a component with that name. Did you want to modify the existing component instead? If not, make sure you specify a unique name.
   at Castle.MicroKernel.SubSystems.Naming.DefaultNamingSubSystem.Register(IHandler handler)
   at Castle.MicroKernel.DefaultKernel.AddCustomComponent(ComponentModel model)
   at Castle.MicroKernel.Registration.ComponentRegistration`1.Castle.MicroKernel.Registration.IRegistration.Register(IKernelInternal kernel)
   at Castle.MicroKernel.DefaultKernel.Register(IRegistration[] registrations)
   at Castle.Windsor.WindsorContainer.Register(IRegistration[] registrations)
   at EPiServer.DataAbstraction.RuntimeModel.ContentDataInterceptorHandler.RegisterInterceptor(Type modelType, ContentDataInterceptor interceptor)
   at EPiServer.DataAbstraction.RuntimeModel.Internal.ContentTypeModelScanner.<RegisterModels>b__20_0()
   at System.Threading.Tasks.Task.InnerInvoke()
   at System.Threading.Tasks.Task.Execute()
   --- End of inner exception stack trace ---
   at System.Threading.Tasks.Task.WaitAll(Task[] tasks, Int32 millisecondsTimeout, CancellationToken cancellationToken)
   at EPiServer.Initialization.Internal.ModelSyncInitialization.Initialize(InitializationEngine context)
   at EPiServer.Framework.Initialization.Internal.ModuleNode.<>c__DisplayClass2_0.<Initialize>b__0()
   at EPiServer.Framework.Initialization.Internal.ModuleNode.Execute(Action a, String key)
   at EPiServer.Framework.Initialization.Internal.ModuleNode.Initialize(InitializationEngine context)
   at EPiServer.Framework.Initialization.InitializationEngine.InitializeModules()
---> (Inner Exception #0) Castle.MicroKernel.ComponentRegistrationException: Component Features.MetaData.Models.Blocks.MetaDataBlock could not be registered. There is already a component with that name. Did you want to modify the existing component instead? If not, make sure you specify a unique name.
   at Castle.MicroKernel.SubSystems.Naming.DefaultNamingSubSystem.Register(IHandler handler)
   at Castle.MicroKernel.DefaultKernel.AddCustomComponent(ComponentModel model)
   at Castle.MicroKernel.Registration.ComponentRegistration`1.Castle.MicroKernel.Registration.IRegistration.Register(IKernelInternal kernel)
   at Castle.MicroKernel.DefaultKernel.Register(IRegistration[] registrations)
   at Castle.Windsor.WindsorContainer.Register(IRegistration[] registrations)
   at EPiServer.DataAbstraction.RuntimeModel.ContentDataInterceptorHandler.RegisterInterceptor(Type modelType, ContentDataInterceptor interceptor)
   at EPiServer.DataAbstraction.RuntimeModel.Internal.ContentTypeModelScanner.<RegisterModels>b__20_0()
   at System.Threading.Tasks.Task.InnerInvoke()
   at System.Threading.Tasks.Task.Execute()<---

System.AggregateException: One or more errors occurred. ---> Castle.MicroKernel.ComponentRegistrationException: Component Features.MetaData.Models.Blocks.MetaDataBlock could not be registered. There is already a component with that name. Did you want to modify the existing component instead? If not, make sure you specify a unique name.
   at Castle.MicroKernel.SubSystems.Naming.DefaultNamingSubSystem.Register(IHandler handler)
   at Castle.MicroKernel.DefaultKernel.AddCustomComponent(ComponentModel model)
   at Castle.MicroKernel.Registration.ComponentRegistration`1.Castle.MicroKernel.Registration.IRegistration.Register(IKernelInternal kernel)
   at Castle.MicroKernel.DefaultKernel.Register(IRegistration[] registrations)
   at Castle.Windsor.WindsorContainer.Register(IRegistration[] registrations)
   at EPiServer.DataAbstraction.RuntimeModel.ContentDataInterceptorHandler.RegisterInterceptor(Type modelType, ContentDataInterceptor interceptor)
   at EPiServer.DataAbstraction.RuntimeModel.Internal.ContentTypeModelScanner.<RegisterModels>b__20_0()
   at System.Threading.Tasks.Task.InnerInvoke()
   at System.Threading.Tasks.Task.Execute()
   --- End of inner exception stack trace ---
   at System.Threading.Tasks.Task.WaitAll(Task[] tasks, Int32 millisecondsTimeout, CancellationToken cancellationToken)
   at EPiServer.Initialization.Internal.ModelSyncInitialization.Initialize(InitializationEngine context)
   at EPiServer.Framework.Initialization.Internal.ModuleNode.<>c__DisplayClass2_0.<Initialize>b__0()
   at EPiServer.Framework.Initialization.Internal.ModuleNode.Execute(Action a, String key)
   at EPiServer.Framework.Initialization.Internal.ModuleNode.Initialize(InitializationEngine context)
   at EPiServer.Framework.Initialization.InitializationEngine.InitializeModules()
---> (Inner Exception #0) Castle.MicroKernel.ComponentRegistrationException: Component Features.MetaData.Models.Blocks.MetaDataBlock could not be registered. There is already a component with that name. Did you want to modify the existing component instead? If not, make sure you specify a unique name.
   at Castle.MicroKernel.SubSystems.Naming.DefaultNamingSubSystem.Register(IHandler handler)
   at Castle.MicroKernel.DefaultKernel.AddCustomComponent(ComponentModel model)
   at Castle.MicroKernel.Registration.ComponentRegistration`1.Castle.MicroKernel.Registration.IRegistration.Register(IKernelInternal kernel)
   at Castle.MicroKernel.DefaultKernel.Register(IRegistration[] registrations)
   at Castle.Windsor.WindsorContainer.Register(IRegistration[] registrations)
   at EPiServer.DataAbstraction.RuntimeModel.ContentDataInterceptorHandler.RegisterInterceptor(Type modelType, ContentDataInterceptor interceptor)
   at EPiServer.DataAbstraction.RuntimeModel.Internal.ContentTypeModelScanner.<RegisterModels>b__20_0()
   at System.Threading.Tasks.Task.InnerInvoke()
   at System.Threading.Tasks.Task.Execute()<---

2019-07-04 16:26:31,325 [20] ERROR EPiServer.Framework.Initialization.InitializationEngine: Initialize action failed for 'Initialize on class EPiServer.Initialization.Internal.ModelSyncInitialization, EPiServer, Version=11.12.0.0, Culture=neutral, PublicKeyToken=8fe83dea738b45b7'
System.AggregateException: One or more errors occurred. ---> Castle.MicroKernel.ComponentRegistrationException: Component Features.MetaData.Models.Blocks.MetaDataBlock could not be registered. There is already a component with that name. Did you want to modify the existing component instead? If not, make sure you specify a unique name.
   at Castle.MicroKernel.SubSystems.Naming.DefaultNamingSubSystem.Register(IHandler handler)
   at Castle.MicroKernel.DefaultKernel.AddCustomComponent(ComponentModel model)
   at Castle.MicroKernel.Registration.ComponentRegistration`1.Castle.MicroKernel.Registration.IRegistration.Register(IKernelInternal kernel)
   at Castle.MicroKernel.DefaultKernel.Register(IRegistration[] registrations)
   at Castle.Windsor.WindsorContainer.Register(IRegistration[] registrations)
   at EPiServer.DataAbstraction.RuntimeModel.ContentDataInterceptorHandler.RegisterInterceptor(Type modelType, ContentDataInterceptor interceptor)
   at EPiServer.DataAbstraction.RuntimeModel.Internal.ContentTypeModelScanner.<RegisterModels>b__20_0()
   at System.Threading.Tasks.Task.InnerInvoke()
   at System.Threading.Tasks.Task.Execute()
   --- End of inner exception stack trace ---
   at System.Threading.Tasks.Task.WaitAll(Task[] tasks, Int32 millisecondsTimeout, CancellationToken cancellationToken)
   at EPiServer.Initialization.Internal.ModelSyncInitialization.Initialize(InitializationEngine context)
   at EPiServer.Framework.Initialization.Internal.ModuleNode.<>c__DisplayClass2_0.<Initialize>b__0()
   at EPiServer.Framework.Initialization.Internal.ModuleNode.Execute(Action a, String key)
   at EPiServer.Framework.Initialization.Internal.ModuleNode.Initialize(InitializationEngine context)
   at EPiServer.Framework.Initialization.InitializationEngine.InitializeModules()
---> (Inner Exception #0) Castle.MicroKernel.ComponentRegistrationException: Component Features.MetaData.Models.Blocks.MetaDataBlock could not be registered. There is already a component with that name. Did you want to modify the existing component instead? If not, make sure you specify a unique name.
   at Castle.MicroKernel.SubSystems.Naming.DefaultNamingSubSystem.Register(IHandler handler)
   at Castle.MicroKernel.DefaultKernel.AddCustomComponent(ComponentModel model)
   at Castle.MicroKernel.Registration.ComponentRegistration`1.Castle.MicroKernel.Registration.IRegistration.Register(IKernelInternal kernel)
   at Castle.MicroKernel.DefaultKernel.Register(IRegistration[] registrations)
   at Castle.Windsor.WindsorContainer.Register(IRegistration[] registrations)
   at EPiServer.DataAbstraction.RuntimeModel.ContentDataInterceptorHandler.RegisterInterceptor(Type modelType, ContentDataInterceptor interceptor)
   at EPiServer.DataAbstraction.RuntimeModel.Internal.ContentTypeModelScanner.<RegisterModels>b__20_0()
   at System.Threading.Tasks.Task.InnerInvoke()
   at System.Threading.Tasks.Task.Execute()<---

System.AggregateException: One or more errors occurred. ---> Castle.MicroKernel.ComponentRegistrationException: Component Features.MetaData.Models.Blocks.MetaDataBlock could not be registered. There is already a component with that name. Did you want to modify the existing component instead? If not, make sure you specify a unique name.
   at Castle.MicroKernel.SubSystems.Naming.DefaultNamingSubSystem.Register(IHandler handler)
   at Castle.MicroKernel.DefaultKernel.AddCustomComponent(ComponentModel model)
   at Castle.MicroKernel.Registration.ComponentRegistration`1.Castle.MicroKernel.Registration.IRegistration.Register(IKernelInternal kernel)
   at Castle.MicroKernel.DefaultKernel.Register(IRegistration[] registrations)
   at Castle.Windsor.WindsorContainer.Register(IRegistration[] registrations)
   at EPiServer.DataAbstraction.RuntimeModel.ContentDataInterceptorHandler.RegisterInterceptor(Type modelType, ContentDataInterceptor interceptor)
   at EPiServer.DataAbstraction.RuntimeModel.Internal.ContentTypeModelScanner.<RegisterModels>b__20_0()
   at System.Threading.Tasks.Task.InnerInvoke()
   at System.Threading.Tasks.Task.Execute()
   --- End of inner exception stack trace ---
   at System.Threading.Tasks.Task.WaitAll(Task[] tasks, Int32 millisecondsTimeout, CancellationToken cancellationToken)
   at EPiServer.Initialization.Internal.ModelSyncInitialization.Initialize(InitializationEngine context)
   at EPiServer.Framework.Initialization.Internal.ModuleNode.<>c__DisplayClass2_0.<Initialize>b__0()
   at EPiServer.Framework.Initialization.Internal.ModuleNode.Execute(Action a, String key)
   at EPiServer.Framework.Initialization.Internal.ModuleNode.Initialize(InitializationEngine context)
   at EPiServer.Framework.Initialization.InitializationEngine.InitializeModules()
---> (Inner Exception #0) Castle.MicroKernel.ComponentRegistrationException: Component Features.MetaData.Models.Blocks.MetaDataBlock could not be registered. There is already a component with that name. Did you want to modify the existing component instead? If not, make sure you specify a unique name.
   at Castle.MicroKernel.SubSystems.Naming.DefaultNamingSubSystem.Register(IHandler handler)
   at Castle.MicroKernel.DefaultKernel.AddCustomComponent(ComponentModel model)
   at Castle.MicroKernel.Registration.ComponentRegistration`1.Castle.MicroKernel.Registration.IRegistration.Register(IKernelInternal kernel)
   at Castle.MicroKernel.DefaultKernel.Register(IRegistration[] registrations)
   at Castle.Windsor.WindsorContainer.Register(IRegistration[] registrations)
   at EPiServer.DataAbstraction.RuntimeModel.ContentDataInterceptorHandler.RegisterInterceptor(Type modelType, ContentDataInterceptor interceptor)
   at EPiServer.DataAbstraction.RuntimeModel.Internal.ContentTypeModelScanner.<RegisterModels>b__20_0()
   at System.Threading.Tasks.Task.InnerInvoke()
   at System.Threading.Tasks.Task.Execute()<---

2019-07-04 16:28:34,197 [1] ERROR EPiServer.Framework.Initialization.InitializationEngine: Initialize action failed for 'Initialize on class EPiServer.Initialization.Internal.ModelSyncInitialization, EPiServer, Version=11.12.0.0, Culture=neutral, PublicKeyToken=8fe83dea738b45b7'
System.AggregateException: One or more errors occurred. ---> Castle.MicroKernel.ComponentRegistrationException: Component Features.MetaData.Models.Blocks.MetaDataBlock could not be registered. There is already a component with that name. Did you want to modify the existing component instead? If not, make sure you specify a unique name.
   at Castle.MicroKernel.SubSystems.Naming.DefaultNamingSubSystem.Register(IHandler handler)
   at Castle.MicroKernel.DefaultKernel.AddCustomComponent(ComponentModel model)
   at Castle.MicroKernel.Registration.ComponentRegistration`1.Castle.MicroKernel.Registration.IRegistration.Register(IKernelInternal kernel)
   at Castle.MicroKernel.DefaultKernel.Register(IRegistration[] registrations)
   at Castle.Windsor.WindsorContainer.Register(IRegistration[] registrations)
   at EPiServer.DataAbstraction.RuntimeModel.ContentDataInterceptorHandler.RegisterInterceptor(Type modelType, ContentDataInterceptor interceptor)
   at EPiServer.DataAbstraction.RuntimeModel.Internal.ContentTypeModelScanner.<RegisterModels>b__20_0()
   at System.Threading.Tasks.Task.InnerInvoke()
   at System.Threading.Tasks.Task.Execute()
   --- End of inner exception stack trace ---
   at System.Threading.Tasks.Task.WaitAll(Task[] tasks, Int32 millisecondsTimeout, CancellationToken cancellationToken)
   at EPiServer.Initialization.Internal.ModelSyncInitialization.Initialize(InitializationEngine context)
   at EPiServer.Framework.Initialization.Internal.ModuleNode.<>c__DisplayClass2_0.<Initialize>b__0()
   at EPiServer.Framework.Initialization.Internal.ModuleNode.Execute(Action a, String key)
   at EPiServer.Framework.Initialization.Internal.ModuleNode.Initialize(InitializationEngine context)
   at EPiServer.Framework.Initialization.InitializationEngine.InitializeModules()
---> (Inner Exception #0) Castle.MicroKernel.ComponentRegistrationException: Component Features.MetaData.Models.Blocks.MetaDataBlock could not be registered. There is already a component with that name. Did you want to modify the existing component instead? If not, make sure you specify a unique name.
   at Castle.MicroKernel.SubSystems.Naming.DefaultNamingSubSystem.Register(IHandler handler)
   at Castle.MicroKernel.DefaultKernel.AddCustomComponent(ComponentModel model)
   at Castle.MicroKernel.Registration.ComponentRegistration`1.Castle.MicroKernel.Registration.IRegistration.Register(IKernelInternal kernel)
   at Castle.MicroKernel.DefaultKernel.Register(IRegistration[] registrations)
   at Castle.Windsor.WindsorContainer.Register(IRegistration[] registrations)
   at EPiServer.DataAbstraction.RuntimeModel.ContentDataInterceptorHandler.RegisterInterceptor(Type modelType, ContentDataInterceptor interceptor)
   at EPiServer.DataAbstraction.RuntimeModel.Internal.ContentTypeModelScanner.<RegisterModels>b__20_0()
   at System.Threading.Tasks.Task.InnerInvoke()
   at System.Threading.Tasks.Task.Execute()<---

System.AggregateException: One or more errors occurred. ---> Castle.MicroKernel.ComponentRegistrationException: Component Features.MetaData.Models.Blocks.MetaDataBlock could not be registered. There is already a component with that name. Did you want to modify the existing component instead? If not, make sure you specify a unique name.
   at Castle.MicroKernel.SubSystems.Naming.DefaultNamingSubSystem.Register(IHandler handler)
   at Castle.MicroKernel.DefaultKernel.AddCustomComponent(ComponentModel model)
   at Castle.MicroKernel.Registration.ComponentRegistration`1.Castle.MicroKernel.Registration.IRegistration.Register(IKernelInternal kernel)
   at Castle.MicroKernel.DefaultKernel.Register(IRegistration[] registrations)
   at Castle.Windsor.WindsorContainer.Register(IRegistration[] registrations)
   at EPiServer.DataAbstraction.RuntimeModel.ContentDataInterceptorHandler.RegisterInterceptor(Type modelType, ContentDataInterceptor interceptor)
   at EPiServer.DataAbstraction.RuntimeModel.Internal.ContentTypeModelScanner.<RegisterModels>b__20_0()
   at System.Threading.Tasks.Task.InnerInvoke()
   at System.Threading.Tasks.Task.Execute()
   --- End of inner exception stack trace ---
   at System.Threading.Tasks.Task.WaitAll(Task[] tasks, Int32 millisecondsTimeout, CancellationToken cancellationToken)
   at EPiServer.Initialization.Internal.ModelSyncInitialization.Initialize(InitializationEngine context)
   at EPiServer.Framework.Initialization.Internal.ModuleNode.<>c__DisplayClass2_0.<Initialize>b__0()
   at EPiServer.Framework.Initialization.Internal.ModuleNode.Execute(Action a, String key)
   at EPiServer.Framework.Initialization.Internal.ModuleNode.Initialize(InitializationEngine context)
   at EPiServer.Framework.Initialization.InitializationEngine.InitializeModules()
---> (Inner Exception #0) Castle.MicroKernel.ComponentRegistrationException: Component Features.MetaData.Models.Blocks.MetaDataBlock could not be registered. There is already a component with that name. Did you want to modify the existing component instead? If not, make sure you specify a unique name.
   at Castle.MicroKernel.SubSystems.Naming.DefaultNamingSubSystem.Register(IHandler handler)
   at Castle.MicroKernel.DefaultKernel.AddCustomComponent(ComponentModel model)
   at Castle.MicroKernel.Registration.ComponentRegistration`1.Castle.MicroKernel.Registration.IRegistration.Register(IKernelInternal kernel)
   at Castle.MicroKernel.DefaultKernel.Register(IRegistration[] registrations)
   at Castle.Windsor.WindsorContainer.Register(IRegistration[] registrations)
   at EPiServer.DataAbstraction.RuntimeModel.ContentDataInterceptorHandler.RegisterInterceptor(Type modelType, ContentDataInterceptor interceptor)
   at EPiServer.DataAbstraction.RuntimeModel.Internal.ContentTypeModelScanner.<RegisterModels>b__20_0()
   at System.Threading.Tasks.Task.InnerInvoke()
   at System.Threading.Tasks.Task.Execute()<---

2019-07-04 16:29:07,106 [20] ERROR EPiServer.Framework.Initialization.InitializationEngine: Initialize action failed for 'Initialize on class EPiServer.Initialization.Internal.ModelSyncInitialization, EPiServer, Version=11.12.0.0, Culture=neutral, PublicKeyToken=8fe83dea738b45b7'
System.AggregateException: One or more errors occurred. ---> Castle.MicroKernel.ComponentRegistrationException: Component Features.MetaData.Models.Blocks.MetaDataBlock could not be registered. There is already a component with that name. Did you want to modify the existing component instead? If not, make sure you specify a unique name.
   at Castle.MicroKernel.SubSystems.Naming.DefaultNamingSubSystem.Register(IHandler handler)
   at Castle.MicroKernel.DefaultKernel.AddCustomComponent(ComponentModel model)
   at Castle.MicroKernel.Registration.ComponentRegistration`1.Castle.MicroKernel.Registration.IRegistration.Register(IKernelInternal kernel)
   at Castle.MicroKernel.DefaultKernel.Register(IRegistration[] registrations)
   at Castle.Windsor.WindsorContainer.Register(IRegistration[] registrations)
   at EPiServer.DataAbstraction.RuntimeModel.ContentDataInterceptorHandler.RegisterInterceptor(Type modelType, ContentDataInterceptor interceptor)
   at EPiServer.DataAbstraction.RuntimeModel.Internal.ContentTypeModelScanner.<RegisterModels>b__20_0()
   at System.Threading.Tasks.Task.InnerInvoke()
   at System.Threading.Tasks.Task.Execute()
   --- End of inner exception stack trace ---
   at System.Threading.Tasks.Task.WaitAll(Task[] tasks, Int32 millisecondsTimeout, CancellationToken cancellationToken)
   at EPiServer.Initialization.Internal.ModelSyncInitialization.Initialize(InitializationEngine context)
   at EPiServer.Framework.Initialization.Internal.ModuleNode.<>c__DisplayClass2_0.<Initialize>b__0()
   at EPiServer.Framework.Initialization.Internal.ModuleNode.Execute(Action a, String key)
   at EPiServer.Framework.Initialization.Internal.ModuleNode.Initialize(InitializationEngine context)
   at EPiServer.Framework.Initialization.InitializationEngine.InitializeModules()
---> (Inner Exception #0) Castle.MicroKernel.ComponentRegistrationException: Component Features.MetaData.Models.Blocks.MetaDataBlock could not be registered. There is already a component with that name. Did you want to modify the existing component instead? If not, make sure you specify a unique name.
   at Castle.MicroKernel.SubSystems.Naming.DefaultNamingSubSystem.Register(IHandler handler)
   at Castle.MicroKernel.DefaultKernel.AddCustomComponent(ComponentModel model)
   at Castle.MicroKernel.Registration.ComponentRegistration`1.Castle.MicroKernel.Registration.IRegistration.Register(IKernelInternal kernel)
   at Castle.MicroKernel.DefaultKernel.Register(IRegistration[] registrations)
   at Castle.Windsor.WindsorContainer.Register(IRegistration[] registrations)
   at EPiServer.DataAbstraction.RuntimeModel.ContentDataInterceptorHandler.RegisterInterceptor(Type modelType, ContentDataInterceptor interceptor)
   at EPiServer.DataAbstraction.RuntimeModel.Internal.ContentTypeModelScanner.<RegisterModels>b__20_0()
   at System.Threading.Tasks.Task.InnerInvoke()
   at System.Threading.Tasks.Task.Execute()<---

System.AggregateException: One or more errors occurred. ---> Castle.MicroKernel.ComponentRegistrationException: Component Features.MetaData.Models.Blocks.MetaDataBlock could not be registered. There is already a component with that name. Did you want to modify the existing component instead? If not, make sure you specify a unique name.
   at Castle.MicroKernel.SubSystems.Naming.DefaultNamingSubSystem.Register(IHandler handler)
   at Castle.MicroKernel.DefaultKernel.AddCustomComponent(ComponentModel model)
   at Castle.MicroKernel.Registration.ComponentRegistration`1.Castle.MicroKernel.Registration.IRegistration.Register(IKernelInternal kernel)
   at Castle.MicroKernel.DefaultKernel.Register(IRegistration[] registrations)
   at Castle.Windsor.WindsorContainer.Register(IRegistration[] registrations)
   at EPiServer.DataAbstraction.RuntimeModel.ContentDataInterceptorHandler.RegisterInterceptor(Type modelType, ContentDataInterceptor interceptor)
   at EPiServer.DataAbstraction.RuntimeModel.Internal.ContentTypeModelScanner.<RegisterModels>b__20_0()
   at System.Threading.Tasks.Task.InnerInvoke()
   at System.Threading.Tasks.Task.Execute()
   --- End of inner exception stack trace ---
   at System.Threading.Tasks.Task.WaitAll(Task[] tasks, Int32 millisecondsTimeout, CancellationToken cancellationToken)
   at EPiServer.Initialization.Internal.ModelSyncInitialization.Initialize(InitializationEngine context)
   at EPiServer.Framework.Initialization.Internal.ModuleNode.<>c__DisplayClass2_0.<Initialize>b__0()
   at EPiServer.Framework.Initialization.Internal.ModuleNode.Execute(Action a, String key)
   at EPiServer.Framework.Initialization.Internal.ModuleNode.Initialize(InitializationEngine context)
   at EPiServer.Framework.Initialization.InitializationEngine.InitializeModules()
---> (Inner Exception #0) Castle.MicroKernel.ComponentRegistrationException: Component Features.MetaData.Models.Blocks.MetaDataBlock could not be registered. There is already a component with that name. Did you want to modify the existing component instead? If not, make sure you specify a unique name.
   at Castle.MicroKernel.SubSystems.Naming.DefaultNamingSubSystem.Register(IHandler handler)
   at Castle.MicroKernel.DefaultKernel.AddCustomComponent(ComponentModel model)
   at Castle.MicroKernel.Registration.ComponentRegistration`1.Castle.MicroKernel.Registration.IRegistration.Register(IKernelInternal kernel)
   at Castle.MicroKernel.DefaultKernel.Register(IRegistration[] registrations)
   at Castle.Windsor.WindsorContainer.Register(IRegistration[] registrations)
   at EPiServer.DataAbstraction.RuntimeModel.ContentDataInterceptorHandler.RegisterInterceptor(Type modelType, ContentDataInterceptor interceptor)
   at EPiServer.DataAbstraction.RuntimeModel.Internal.ContentTypeModelScanner.<RegisterModels>b__20_0()
   at System.Threading.Tasks.Task.InnerInvoke()
   at System.Threading.Tasks.Task.Execute()<---

2019-07-04 16:30:03,325 [1] ERROR EPiServer.Framework.Initialization.InitializationEngine: Initialize action failed for 'Initialize on class EPiServer.Initialization.Internal.ModelSyncInitialization, EPiServer, Version=11.12.0.0, Culture=neutral, PublicKeyToken=8fe83dea738b45b7'
System.AggregateException: One or more errors occurred. ---> Castle.MicroKernel.ComponentRegistrationException: Component Features.MetaData.Models.Blocks.MetaDataBlock could not be registered. There is already a component with that name. Did you want to modify the existing component instead? If not, make sure you specify a unique name.
   at Castle.MicroKernel.SubSystems.Naming.DefaultNamingSubSystem.Register(IHandler handler)
   at Castle.MicroKernel.DefaultKernel.AddCustomComponent(ComponentModel model)
   at Castle.MicroKernel.Registration.ComponentRegistration`1.Castle.MicroKernel.Registration.IRegistration.Register(IKernelInternal kernel)
   at Castle.MicroKernel.DefaultKernel.Register(IRegistration[] registrations)
   at Castle.Windsor.WindsorContainer.Register(IRegistration[] registrations)
   at EPiServer.DataAbstraction.RuntimeModel.ContentDataInterceptorHandler.RegisterInterceptor(Type modelType, ContentDataInterceptor interceptor)
   at EPiServer.DataAbstraction.RuntimeModel.Internal.ContentTypeModelScanner.<RegisterModels>b__20_0()
   at System.Threading.Tasks.Task.InnerInvoke()
   at System.Threading.Tasks.Task.Execute()
   --- End of inner exception stack trace ---
   at System.Threading.Tasks.Task.WaitAll(Task[] tasks, Int32 millisecondsTimeout, CancellationToken cancellationToken)
   at EPiServer.Initialization.Internal.ModelSyncInitialization.Initialize(InitializationEngine context)
   at EPiServer.Framework.Initialization.Internal.ModuleNode.<>c__DisplayClass2_0.<Initialize>b__0()
   at EPiServer.Framework.Initialization.Internal.ModuleNode.Execute(Action a, String key)
   at EPiServer.Framework.Initialization.Internal.ModuleNode.Initialize(InitializationEngine context)
   at EPiServer.Framework.Initialization.InitializationEngine.InitializeModules()
---> (Inner Exception #0) Castle.MicroKernel.ComponentRegistrationException: Component Features.MetaData.Models.Blocks.MetaDataBlock could not be registered. There is already a component with that name. Did you want to modify the existing component instead? If not, make sure you specify a unique name.
   at Castle.MicroKernel.SubSystems.Naming.DefaultNamingSubSystem.Register(IHandler handler)
   at Castle.MicroKernel.DefaultKernel.AddCustomComponent(ComponentModel model)
   at Castle.MicroKernel.Registration.ComponentRegistration`1.Castle.MicroKernel.Registration.IRegistration.Register(IKernelInternal kernel)
   at Castle.MicroKernel.DefaultKernel.Register(IRegistration[] registrations)
   at Castle.Windsor.WindsorContainer.Register(IRegistration[] registrations)
   at EPiServer.DataAbstraction.RuntimeModel.ContentDataInterceptorHandler.RegisterInterceptor(Type modelType, ContentDataInterceptor interceptor)
   at EPiServer.DataAbstraction.RuntimeModel.Internal.ContentTypeModelScanner.<RegisterModels>b__20_0()
   at System.Threading.Tasks.Task.InnerInvoke()
   at System.Threading.Tasks.Task.Execute()<---

System.AggregateException: One or more errors occurred. ---> Castle.MicroKernel.ComponentRegistrationException: Component Features.MetaData.Models.Blocks.MetaDataBlock could not be registered. There is already a component with that name. Did you want to modify the existing component instead? If not, make sure you specify a unique name.
   at Castle.MicroKernel.SubSystems.Naming.DefaultNamingSubSystem.Register(IHandler handler)
   at Castle.MicroKernel.DefaultKernel.AddCustomComponent(ComponentModel model)
   at Castle.MicroKernel.Registration.ComponentRegistration`1.Castle.MicroKernel.Registration.IRegistration.Register(IKernelInternal kernel)
   at Castle.MicroKernel.DefaultKernel.Register(IRegistration[] registrations)
   at Castle.Windsor.WindsorContainer.Register(IRegistration[] registrations)
   at EPiServer.DataAbstraction.RuntimeModel.ContentDataInterceptorHandler.RegisterInterceptor(Type modelType, ContentDataInterceptor interceptor)
   at EPiServer.DataAbstraction.RuntimeModel.Internal.ContentTypeModelScanner.<RegisterModels>b__20_0()
   at System.Threading.Tasks.Task.InnerInvoke()
   at System.Threading.Tasks.Task.Execute()
   --- End of inner exception stack trace ---
   at System.Threading.Tasks.Task.WaitAll(Task[] tasks, Int32 millisecondsTimeout, CancellationToken cancellationToken)
   at EPiServer.Initialization.Internal.ModelSyncInitialization.Initialize(InitializationEngine context)
   at EPiServer.Framework.Initialization.Internal.ModuleNode.<>c__DisplayClass2_0.<Initialize>b__0()
   at EPiServer.Framework.Initialization.Internal.ModuleNode.Execute(Action a, String key)
   at EPiServer.Framework.Initialization.Internal.ModuleNode.Initialize(InitializationEngine context)
   at EPiServer.Framework.Initialization.InitializationEngine.InitializeModules()
---> (Inner Exception #0) Castle.MicroKernel.ComponentRegistrationException: Component Features.MetaData.Models.Blocks.MetaDataBlock could not be registered. There is already a component with that name. Did you want to modify the existing component instead? If not, make sure you specify a unique name.
   at Castle.MicroKernel.SubSystems.Naming.DefaultNamingSubSystem.Register(IHandler handler)
   at Castle.MicroKernel.DefaultKernel.AddCustomComponent(ComponentModel model)
   at Castle.MicroKernel.Registration.ComponentRegistration`1.Castle.MicroKernel.Registration.IRegistration.Register(IKernelInternal kernel)
   at Castle.MicroKernel.DefaultKernel.Register(IRegistration[] registrations)
   at Castle.Windsor.WindsorContainer.Register(IRegistration[] registrations)
   at EPiServer.DataAbstraction.RuntimeModel.ContentDataInterceptorHandler.RegisterInterceptor(Type modelType, ContentDataInterceptor interceptor)
   at EPiServer.DataAbstraction.RuntimeModel.Internal.ContentTypeModelScanner.<RegisterModels>b__20_0()
   at System.Threading.Tasks.Task.InnerInvoke()
   at System.Threading.Tasks.Task.Execute()<---

2019-07-04 16:30:50,154 [1] ERROR EPiServer.Framework.Initialization.InitializationEngine: Initialize action failed for 'Initialize on class EPiServer.Initialization.Internal.ModelSyncInitialization, EPiServer, Version=11.12.0.0, Culture=neutral, PublicKeyToken=8fe83dea738b45b7'
System.AggregateException: One or more errors occurred. ---> Castle.MicroKernel.ComponentRegistrationException: Component Features.MetaData.Models.Blocks.MetaDataBlock could not be registered. There is already a component with that name. Did you want to modify the existing component instead? If not, make sure you specify a unique name.
   at Castle.MicroKernel.SubSystems.Naming.DefaultNamingSubSystem.Register(IHandler handler)
   at Castle.MicroKernel.DefaultKernel.AddCustomComponent(ComponentModel model)
   at Castle.MicroKernel.Registration.ComponentRegistration`1.Castle.MicroKernel.Registration.IRegistration.Register(IKernelInternal kernel)
   at Castle.MicroKernel.DefaultKernel.Register(IRegistration[] registrations)
   at Castle.Windsor.WindsorContainer.Register(IRegistration[] registrations)
   at EPiServer.DataAbstraction.RuntimeModel.ContentDataInterceptorHandler.RegisterInterceptor(Type modelType, ContentDataInterceptor interceptor)
   at EPiServer.DataAbstraction.RuntimeModel.Internal.ContentTypeModelScanner.<RegisterModels>b__20_0()
   at System.Threading.Tasks.Task.InnerInvoke()
   at System.Threading.Tasks.Task.Execute()
   --- End of inner exception stack trace ---
   at System.Threading.Tasks.Task.WaitAll(Task[] tasks, Int32 millisecondsTimeout, CancellationToken cancellationToken)
   at EPiServer.Initialization.Internal.ModelSyncInitialization.Initialize(InitializationEngine context)
   at EPiServer.Framework.Initialization.Internal.ModuleNode.<>c__DisplayClass2_0.<Initialize>b__0()
   at EPiServer.Framework.Initialization.Internal.ModuleNode.Execute(Action a, String key)
   at EPiServer.Framework.Initialization.Internal.ModuleNode.Initialize(InitializationEngine context)
   at EPiServer.Framework.Initialization.InitializationEngine.InitializeModules()
---> (Inner Exception #0) Castle.MicroKernel.ComponentRegistrationException: Component Features.MetaData.Models.Blocks.MetaDataBlock could not be registered. There is already a component with that name. Did you want to modify the existing component instead? If not, make sure you specify a unique name.
   at Castle.MicroKernel.SubSystems.Naming.DefaultNamingSubSystem.Register(IHandler handler)
   at Castle.MicroKernel.DefaultKernel.AddCustomComponent(ComponentModel model)
   at Castle.MicroKernel.Registration.ComponentRegistration`1.Castle.MicroKernel.Registration.IRegistration.Register(IKernelInternal kernel)
   at Castle.MicroKernel.DefaultKernel.Register(IRegistration[] registrations)
   at Castle.Windsor.WindsorContainer.Register(IRegistration[] registrations)
   at EPiServer.DataAbstraction.RuntimeModel.ContentDataInterceptorHandler.RegisterInterceptor(Type modelType, ContentDataInterceptor interceptor)
   at EPiServer.DataAbstraction.RuntimeModel.Internal.ContentTypeModelScanner.<RegisterModels>b__20_0()
   at System.Threading.Tasks.Task.InnerInvoke()
   at System.Threading.Tasks.Task.Execute()<---

System.AggregateException: One or more errors occurred. ---> Castle.MicroKernel.ComponentRegistrationException: Component Features.MetaData.Models.Blocks.MetaDataBlock could not be registered. There is already a component with that name. Did you want to modify the existing component instead? If not, make sure you specify a unique name.
   at Castle.MicroKernel.SubSystems.Naming.DefaultNamingSubSystem.Register(IHandler handler)
   at Castle.MicroKernel.DefaultKernel.AddCustomComponent(ComponentModel model)
   at Castle.MicroKernel.Registration.ComponentRegistration`1.Castle.MicroKernel.Registration.IRegistration.Register(IKernelInternal kernel)
   at Castle.MicroKernel.DefaultKernel.Register(IRegistration[] registrations)
   at Castle.Windsor.WindsorContainer.Register(IRegistration[] registrations)
   at EPiServer.DataAbstraction.RuntimeModel.ContentDataInterceptorHandler.RegisterInterceptor(Type modelType, ContentDataInterceptor interceptor)
   at EPiServer.DataAbstraction.RuntimeModel.Internal.ContentTypeModelScanner.<RegisterModels>b__20_0()
   at System.Threading.Tasks.Task.InnerInvoke()
   at System.Threading.Tasks.Task.Execute()
   --- End of inner exception stack trace ---
   at System.Threading.Tasks.Task.WaitAll(Task[] tasks, Int32 millisecondsTimeout, CancellationToken cancellationToken)
   at EPiServer.Initialization.Internal.ModelSyncInitialization.Initialize(InitializationEngine context)
   at EPiServer.Framework.Initialization.Internal.ModuleNode.<>c__DisplayClass2_0.<Initialize>b__0()
   at EPiServer.Framework.Initialization.Internal.ModuleNode.Execute(Action a, String key)
   at EPiServer.Framework.Initialization.Internal.ModuleNode.Initialize(InitializationEngine context)
   at EPiServer.Framework.Initialization.InitializationEngine.InitializeModules()
---> (Inner Exception #0) Castle.MicroKernel.ComponentRegistrationException: Component Features.MetaData.Models.Blocks.MetaDataBlock could not be registered. There is already a component with that name. Did you want to modify the existing component instead? If not, make sure you specify a unique name.
   at Castle.MicroKernel.SubSystems.Naming.DefaultNamingSubSystem.Register(IHandler handler)
   at Castle.MicroKernel.DefaultKernel.AddCustomComponent(ComponentModel model)
   at Castle.MicroKernel.Registration.ComponentRegistration`1.Castle.MicroKernel.Registration.IRegistration.Register(IKernelInternal kernel)
   at Castle.MicroKernel.DefaultKernel.Register(IRegistration[] registrations)
   at Castle.Windsor.WindsorContainer.Register(IRegistration[] registrations)
   at EPiServer.DataAbstraction.RuntimeModel.ContentDataInterceptorHandler.RegisterInterceptor(Type modelType, ContentDataInterceptor interceptor)
   at EPiServer.DataAbstraction.RuntimeModel.Internal.ContentTypeModelScanner.<RegisterModels>b__20_0()
   at System.Threading.Tasks.Task.InnerInvoke()
   at System.Threading.Tasks.Task.Execute()<---

2019-07-04 16:31:40,108 [1] ERROR EPiServer.Framework.Initialization.InitializationEngine: Initialize action failed for 'Initialize on class EPiServer.Data.DataInitialization, EPiServer.Data, Version=11.12.0.0, Culture=neutral, PublicKeyToken=8fe83dea738b45b7'
System.NotSupportedException: The database schema for 'CMS' is not installed. Update the database manually by running the cmdlet 'Initialize-EPiDatabase' in the package manager console or set createDatabaseSchema="true" on episerver.framework configuration element.
   at EPiServer.Data.SchemaUpdates.Internal.DatabaseSchemaManagerImplementation.ThrowCreateDatabaseException(String displayName)
   at EPiServer.Data.SchemaUpdates.Internal.DatabaseSchemaManagerImplementation.EnsureDatabaseSchema(DataAccessOptions dataAccessOptions)
   at EPiServer.Data.DataInitialization.ValidateDatabaseSchema(InitializationEngine context)
   at EPiServer.Data.DataInitialization.Initialize(InitializationEngine context)
   at EPiServer.Framework.Initialization.Internal.ModuleNode.<>c__DisplayClass2_0.<Initialize>b__0()
   at EPiServer.Framework.Initialization.Internal.ModuleNode.Execute(Action a, String key)
   at EPiServer.Framework.Initialization.Internal.ModuleNode.Initialize(InitializationEngine context)
   at EPiServer.Framework.Initialization.InitializationEngine.InitializeModules()
System.NotSupportedException: The database schema for 'CMS' is not installed. Update the database manually by running the cmdlet 'Initialize-EPiDatabase' in the package manager console or set createDatabaseSchema="true" on episerver.framework configuration element.
   at EPiServer.Data.SchemaUpdates.Internal.DatabaseSchemaManagerImplementation.ThrowCreateDatabaseException(String displayName)
   at EPiServer.Data.SchemaUpdates.Internal.DatabaseSchemaManagerImplementation.EnsureDatabaseSchema(DataAccessOptions dataAccessOptions)
   at EPiServer.Data.DataInitialization.ValidateDatabaseSchema(InitializationEngine context)
   at EPiServer.Data.DataInitialization.Initialize(InitializationEngine context)
   at EPiServer.Framework.Initialization.Internal.ModuleNode.<>c__DisplayClass2_0.<Initialize>b__0()
   at EPiServer.Framework.Initialization.Internal.ModuleNode.Execute(Action a, String key)
   at EPiServer.Framework.Initialization.Internal.ModuleNode.Initialize(InitializationEngine context)
   at EPiServer.Framework.Initialization.InitializationEngine.InitializeModules()
2019-07-04 16:32:12,313 [35] ERROR EPiServer.Global: Unhandled exception in ASP.NET
System.Web.HttpException (0x80004005): The file '/link/43F936C99B234EA397B261C538AD07C9.aspx' does not exist.
   at System.Web.UI.Util.CheckVirtualFileExists(VirtualPath virtualPath)
   at System.Web.Compilation.BuildManager.GetVPathBuildResultInternal(VirtualPath virtualPath, Boolean noBuild, Boolean allowCrossApp, Boolean allowBuildInPrecompile, Boolean throwIfNotFound, Boolean ensureIsUpToDate)
   at System.Web.Compilation.BuildManager.GetVPathBuildResultWithNoAssert(HttpContext context, VirtualPath virtualPath, Boolean noBuild, Boolean allowCrossApp, Boolean allowBuildInPrecompile, Boolean throwIfNotFound, Boolean ensureIsUpToDate)
   at System.Web.Compilation.BuildManager.GetVirtualPathObjectFactory(VirtualPath virtualPath, HttpContext context, Boolean allowCrossApp, Boolean throwIfNotFound)
   at System.Web.Compilation.BuildManager.CreateInstanceFromVirtualPath(VirtualPath virtualPath, Type requiredBaseType, HttpContext context, Boolean allowCrossApp)
   at System.Web.Routing.PageRouteHandler.GetHttpHandler(RequestContext requestContext)
   at EPiServer.Web.Routing.Internal.MultiplexingRouteHandler.GetHttpHandler(RequestContext requestContext)
   at System.Web.Routing.UrlRoutingModule.PostResolveRequestCache(HttpContextBase context)
   at System.Web.Routing.UrlRoutingModule.OnApplicationPostResolveRequestCache(Object sender, EventArgs e)
   at System.Web.HttpApplication.SyncEventExecutionStep.System.Web.HttpApplication.IExecutionStep.Execute()
   at System.Web.HttpApplication.ExecuteStepImpl(IExecutionStep step)
   at System.Web.HttpApplication.ExecuteStep(IExecutionStep step, Boolean& completedSynchronously)
System.Web.HttpException (0x80004005): The file '/link/43F936C99B234EA397B261C538AD07C9.aspx' does not exist.
   at System.Web.UI.Util.CheckVirtualFileExists(VirtualPath virtualPath)
   at System.Web.Compilation.BuildManager.GetVPathBuildResultInternal(VirtualPath virtualPath, Boolean noBuild, Boolean allowCrossApp, Boolean allowBuildInPrecompile, Boolean throwIfNotFound, Boolean ensureIsUpToDate)
   at System.Web.Compilation.BuildManager.GetVPathBuildResultWithNoAssert(HttpContext context, VirtualPath virtualPath, Boolean noBuild, Boolean allowCrossApp, Boolean allowBuildInPrecompile, Boolean throwIfNotFound, Boolean ensureIsUpToDate)
   at System.Web.Compilation.BuildManager.GetVirtualPathObjectFactory(VirtualPath virtualPath, HttpContext context, Boolean allowCrossApp, Boolean throwIfNotFound)
   at System.Web.Compilation.BuildManager.CreateInstanceFromVirtualPath(VirtualPath virtualPath, Type requiredBaseType, HttpContext context, Boolean allowCrossApp)
   at System.Web.Routing.PageRouteHandler.GetHttpHandler(RequestContext requestContext)
   at EPiServer.Web.Routing.Internal.MultiplexingRouteHandler.GetHttpHandler(RequestContext requestContext)
   at System.Web.Routing.UrlRoutingModule.PostResolveRequestCache(HttpContextBase context)
   at System.Web.Routing.UrlRoutingModule.OnApplicationPostResolveRequestCache(Object sender, EventArgs e)
   at System.Web.HttpApplication.SyncEventExecutionStep.System.Web.HttpApplication.IExecutionStep.Execute()
   at System.Web.HttpApplication.ExecuteStepImpl(IExecutionStep step)
   at System.Web.HttpApplication.ExecuteStep(IExecutionStep step, Boolean& completedSynchronously)
2019-07-04 16:32:21,088 [6] ERROR EPiServer.Global: Unhandled exception in ASP.NET
System.Web.HttpException (0x80004005): The file '/link/43F936C99B234EA397B261C538AD07C9.aspx' does not exist.
   at System.Web.UI.Util.CheckVirtualFileExists(VirtualPath virtualPath)
   at System.Web.Compilation.BuildManager.GetVPathBuildResultInternal(VirtualPath virtualPath, Boolean noBuild, Boolean allowCrossApp, Boolean allowBuildInPrecompile, Boolean throwIfNotFound, Boolean ensureIsUpToDate)
   at System.Web.Compilation.BuildManager.GetVPathBuildResultWithNoAssert(HttpContext context, VirtualPath virtualPath, Boolean noBuild, Boolean allowCrossApp, Boolean allowBuildInPrecompile, Boolean throwIfNotFound, Boolean ensureIsUpToDate)
   at System.Web.Compilation.BuildManager.GetVirtualPathObjectFactory(VirtualPath virtualPath, HttpContext context, Boolean allowCrossApp, Boolean throwIfNotFound)
   at System.Web.Compilation.BuildManager.CreateInstanceFromVirtualPath(VirtualPath virtualPath, Type requiredBaseType, HttpContext context, Boolean allowCrossApp)
   at System.Web.Routing.PageRouteHandler.GetHttpHandler(RequestContext requestContext)
   at EPiServer.Web.Routing.Internal.MultiplexingRouteHandler.GetHttpHandler(RequestContext requestContext)
   at System.Web.Routing.UrlRoutingModule.PostResolveRequestCache(HttpContextBase context)
   at System.Web.Routing.UrlRoutingModule.OnApplicationPostResolveRequestCache(Object sender, EventArgs e)
   at System.Web.HttpApplication.SyncEventExecutionStep.System.Web.HttpApplication.IExecutionStep.Execute()
   at System.Web.HttpApplication.ExecuteStepImpl(IExecutionStep step)
   at System.Web.HttpApplication.ExecuteStep(IExecutionStep step, Boolean& completedSynchronously)
System.Web.HttpException (0x80004005): The file '/link/43F936C99B234EA397B261C538AD07C9.aspx' does not exist.
   at System.Web.UI.Util.CheckVirtualFileExists(VirtualPath virtualPath)
   at System.Web.Compilation.BuildManager.GetVPathBuildResultInternal(VirtualPath virtualPath, Boolean noBuild, Boolean allowCrossApp, Boolean allowBuildInPrecompile, Boolean throwIfNotFound, Boolean ensureIsUpToDate)
   at System.Web.Compilation.BuildManager.GetVPathBuildResultWithNoAssert(HttpContext context, VirtualPath virtualPath, Boolean noBuild, Boolean allowCrossApp, Boolean allowBuildInPrecompile, Boolean throwIfNotFound, Boolean ensureIsUpToDate)
   at System.Web.Compilation.BuildManager.GetVirtualPathObjectFactory(VirtualPath virtualPath, HttpContext context, Boolean allowCrossApp, Boolean throwIfNotFound)
   at System.Web.Compilation.BuildManager.CreateInstanceFromVirtualPath(VirtualPath virtualPath, Type requiredBaseType, HttpContext context, Boolean allowCrossApp)
   at System.Web.Routing.PageRouteHandler.GetHttpHandler(RequestContext requestContext)
   at EPiServer.Web.Routing.Internal.MultiplexingRouteHandler.GetHttpHandler(RequestContext requestContext)
   at System.Web.Routing.UrlRoutingModule.PostResolveRequestCache(HttpContextBase context)
   at System.Web.Routing.UrlRoutingModule.OnApplicationPostResolveRequestCache(Object sender, EventArgs e)
   at System.Web.HttpApplication.SyncEventExecutionStep.System.Web.HttpApplication.IExecutionStep.Execute()
   at System.Web.HttpApplication.ExecuteStepImpl(IExecutionStep step)
   at System.Web.HttpApplication.ExecuteStep(IExecutionStep step, Boolean& completedSynchronously)
2019-07-04 16:32:22,496 [35] ERROR EPiServer.Global: Unhandled exception in ASP.NET
System.Web.HttpException (0x80004005): The file '/link/43F936C99B234EA397B261C538AD07C9.aspx' does not exist.
   at System.Web.UI.Util.CheckVirtualFileExists(VirtualPath virtualPath)
   at System.Web.Compilation.BuildManager.GetVPathBuildResultInternal(VirtualPath virtualPath, Boolean noBuild, Boolean allowCrossApp, Boolean allowBuildInPrecompile, Boolean throwIfNotFound, Boolean ensureIsUpToDate)
   at System.Web.Compilation.BuildManager.GetVPathBuildResultWithNoAssert(HttpContext context, VirtualPath virtualPath, Boolean noBuild, Boolean allowCrossApp, Boolean allowBuildInPrecompile, Boolean throwIfNotFound, Boolean ensureIsUpToDate)
   at System.Web.Compilation.BuildManager.GetVirtualPathObjectFactory(VirtualPath virtualPath, HttpContext context, Boolean allowCrossApp, Boolean throwIfNotFound)
   at System.Web.Compilation.BuildManager.CreateInstanceFromVirtualPath(VirtualPath virtualPath, Type requiredBaseType, HttpContext context, Boolean allowCrossApp)
   at System.Web.Routing.PageRouteHandler.GetHttpHandler(RequestContext requestContext)
   at EPiServer.Web.Routing.Internal.MultiplexingRouteHandler.GetHttpHandler(RequestContext requestContext)
   at System.Web.Routing.UrlRoutingModule.PostResolveRequestCache(HttpContextBase context)
   at System.Web.Routing.UrlRoutingModule.OnApplicationPostResolveRequestCache(Object sender, EventArgs e)
   at System.Web.HttpApplication.SyncEventExecutionStep.System.Web.HttpApplication.IExecutionStep.Execute()
   at System.Web.HttpApplication.ExecuteStepImpl(IExecutionStep step)
   at System.Web.HttpApplication.ExecuteStep(IExecutionStep step, Boolean& completedSynchronously)
System.Web.HttpException (0x80004005): The file '/link/43F936C99B234EA397B261C538AD07C9.aspx' does not exist.
   at System.Web.UI.Util.CheckVirtualFileExists(VirtualPath virtualPath)
   at System.Web.Compilation.BuildManager.GetVPathBuildResultInternal(VirtualPath virtualPath, Boolean noBuild, Boolean allowCrossApp, Boolean allowBuildInPrecompile, Boolean throwIfNotFound, Boolean ensureIsUpToDate)
   at System.Web.Compilation.BuildManager.GetVPathBuildResultWithNoAssert(HttpContext context, VirtualPath virtualPath, Boolean noBuild, Boolean allowCrossApp, Boolean allowBuildInPrecompile, Boolean throwIfNotFound, Boolean ensureIsUpToDate)
   at System.Web.Compilation.BuildManager.GetVirtualPathObjectFactory(VirtualPath virtualPath, HttpContext context, Boolean allowCrossApp, Boolean throwIfNotFound)
   at System.Web.Compilation.BuildManager.CreateInstanceFromVirtualPath(VirtualPath virtualPath, Type requiredBaseType, HttpContext context, Boolean allowCrossApp)
   at System.Web.Routing.PageRouteHandler.GetHttpHandler(RequestContext requestContext)
   at EPiServer.Web.Routing.Internal.MultiplexingRouteHandler.GetHttpHandler(RequestContext requestContext)
   at System.Web.Routing.UrlRoutingModule.PostResolveRequestCache(HttpContextBase context)
   at System.Web.Routing.UrlRoutingModule.OnApplicationPostResolveRequestCache(Object sender, EventArgs e)
   at System.Web.HttpApplication.SyncEventExecutionStep.System.Web.HttpApplication.IExecutionStep.Execute()
   at System.Web.HttpApplication.ExecuteStepImpl(IExecutionStep step)
   at System.Web.HttpApplication.ExecuteStep(IExecutionStep step, Boolean& completedSynchronously)
